2024-09-23 17:12:25,157 __main__     INFO     Logger successfully initialised
2024-09-23 17:12:27,169 __main__     INFO     Dask local cluster: <Client: 'tcp://127.0.0.1:35927' processes=8 threads=8, memory=251.79 GiB>
2024-09-23 17:12:27,170 __main__     INFO     Reading the arguments inside /home/piconti/impresso-essentials/impresso_essentials/config/mft_config.rebuilt.debug.json
2024-09-23 17:12:27,170 __main__     INFO     Provided configuration: 
2024-09-23 17:12:27,170 __main__     INFO     {'data_stage': 'rebuilt', 'output_bucket': '20-rebuilt-sandbox', 'input_bucket': '10-canonical-sandbox', 'git_repository': '/home/piconti/impresso-essentials', 'newspapers': [], 'temp_directory': '/home/piconti/impresso/git_temp_folder', 'previous_mft_s3_path': '', 'is_staging': True, 'is_patch': False, 'patched_fields': [], 'push_to_git': False, 'only_counting': False, 'notes': 'small test.', 'file_extensions': 'jsonl.bz2'}
2024-09-23 17:12:27,170 __main__     INFO     Validating that the provided configuration has all required arugments.
2024-09-23 17:12:27,170 __main__     INFO     Provided config validated.
2024-09-23 17:12:27,171 __main__     INFO     Starting to generate the manifest for DataStage: 'rebuilt'
2024-09-23 17:12:27,171 __main__     INFO     Fetching the files to consider for all titles...
2024-09-23 17:12:27,461 __main__     INFO     Collected a total of 6 files, reading them...
2024-09-23 17:12:27,462 __main__     INFO     Files identified successfully, initialising the manifest.
2024-09-23 17:12:27,491 __main__     INFO     ---------- ACI ----------
2024-09-23 17:12:27,610 __main__     INFO     ACI - Starting to compute the statistics on the fetched files...
2024-09-23 17:12:28,404 __main__     INFO     ACI - Populating the manifest with the resulting 1 yearly statistics found...
2024-09-23 17:12:28,404 __main__     INFO     ACI - Finished adding stats, going to the next title...
2024-09-23 17:12:28,404 __main__     INFO     ---------- actionfem ----------
2024-09-23 17:12:28,408 __main__     INFO     actionfem - Starting to compute the statistics on the fetched files...
2024-09-23 17:12:29,455 __main__     INFO     actionfem - Populating the manifest with the resulting 2 yearly statistics found...
2024-09-23 17:12:29,456 __main__     INFO     actionfem - Finished adding stats, going to the next title...
2024-09-23 17:12:29,456 __main__     INFO     ---------- excelsior ----------
2024-09-23 17:12:29,463 __main__     INFO     excelsior - Starting to compute the statistics on the fetched files...
2024-09-23 17:13:16,124 __main__     INFO     excelsior - Populating the manifest with the resulting 5 yearly statistics found...
2024-09-23 17:13:16,126 __main__     INFO     excelsior - Finished adding stats, going to the next title...
2024-09-23 17:13:16,126 __main__     INFO     ---------- lafronde ----------
2024-09-23 17:13:16,131 __main__     INFO     lafronde - Starting to compute the statistics on the fetched files...
2024-09-23 17:13:45,085 __main__     INFO     lafronde - Populating the manifest with the resulting 2 yearly statistics found...
2024-09-23 17:13:45,086 __main__     INFO     lafronde - Finished adding stats, going to the next title...
2024-09-23 17:13:45,086 __main__     INFO     ---------- marieclaire ----------
2024-09-23 17:13:45,090 __main__     INFO     marieclaire - Starting to compute the statistics on the fetched files...
2024-09-23 17:13:51,023 __main__     INFO     marieclaire - Populating the manifest with the resulting 2 yearly statistics found...
2024-09-23 17:13:51,023 __main__     INFO     marieclaire - Finished adding stats, going to the next title...
2024-09-23 17:13:51,023 __main__     INFO     ---------- oeuvre ----------
2024-09-23 17:13:51,026 __main__     INFO     oeuvre - Starting to compute the statistics on the fetched files...
2024-09-23 17:13:57,050 __main__     INFO     oeuvre - Populating the manifest with the resulting 1 yearly statistics found...
2024-09-23 17:13:57,050 __main__     INFO     oeuvre - Finished adding stats, going to the next title...
2024-09-23 17:13:57,050 __main__     INFO     Finalizing the manifest, and computing the result...
